.=====================================================================.
                                                                       
  .d8888b.   .o8888b.  db  .d8888b.  d8888b. d88888b d8888b.  .d888b.  
 .8P    Y8. d8P    Y8  88 .8P    Y8. 88  `8D 88'     88  `8D .8P , Y8. 
 88      88 8P     .ooo88 88      88 88oooY' 88oooo  88oobY' 88  |  88 
 88      88 8b     `~~~88 88      88 88~~~b. 88~~~~  88`8b   88  |/ 88 
 `8b    d8' Y8b    d8  88 `8b    d8' 88   8D 88.     88 `88. `8b | d8' 
  `Y8888P'   `Y8888P'  YP  `Y8888P'  Y8888P' Y88888P 88   YD  `Y888P'  
                                                                       
`========================== INSTALLATION LOG ========================='

[2020/04/11 06:24:30] Host: Windows NT DESKTOP-H93SQ3O 10.0 build 10240 (Windows 10) i586
[2020/04/11 06:24:30] PHP version: 7.0.33
[2020/04/11 06:24:30] Server software: Apache/2.4.37 (Win32) OpenSSL/1.0.2p PHP/7.0.33
[2020/04/11 06:24:30] Operating system: WINNT
[2020/04/11 06:24:30] Memory limit: 128M
[2020/04/11 06:24:30] Max execution time: 3600
.============================ POST REQUEST ==========================.
[2020/04/11 06:24:30] Postback payload: Array
(
    [code] => phpVersion
    [handler] => onCheckRequirement
)

[2020/04/11 06:24:30] System check: phpVersion
[2020/04/11 06:24:30] Requirement phpVersion +OK
[2020/04/11 06:24:30] Execute handler (onCheckRequirement): Array
(
    [result] => 1
)

.============================ POST REQUEST ==========================.
[2020/04/11 06:24:31] Postback payload: Array
(
    [code] => curlLibrary
    [handler] => onCheckRequirement
)

[2020/04/11 06:24:31] System check: curlLibrary
[2020/04/11 06:24:31] Requirement curlLibrary +OK
[2020/04/11 06:24:31] Execute handler (onCheckRequirement): Array
(
    [result] => 1
)

.============================ POST REQUEST ==========================.
[2020/04/11 06:24:31] Postback payload: Array
(
    [code] => liveConnection
    [handler] => onCheckRequirement
)

[2020/04/11 06:24:31] System check: liveConnection
[2020/04/11 06:24:32] Server request: ping
[2020/04/11 06:24:32] Request information: Array
(
    [url] => http://gateway.octobercms.com/api/ping
    [content_type] => application/json
    [http_code] => 200
    [header_size] => 705
    [request_size] => 175
    [filetime] => -1
    [ssl_verify_result] => 0
    [redirect_count] => 0
    [total_time] => 1.188
    [namelookup_time] => 0.063
    [connect_time] => 0.36
    [pretransfer_time] => 0.36
    [size_upload] => 36
    [size_download] => 12
    [speed_download] => 10
    [speed_upload] => 30
    [download_content_length] => -1
    [upload_content_length] => 36
    [starttransfer_time] => 1.188
    [redirect_time] => 0
    [redirect_url] => 
    [primary_ip] => 52.41.246.127
    [certinfo] => Array
        (
        )

    [primary_port] => 80
    [local_ip] => 192.168.1.67
    [local_port] => 55680
)

[2020/04/11 06:24:32] Requirement liveConnection +OK
[2020/04/11 06:24:32] Execute handler (onCheckRequirement): Array
(
    [result] => 1
)

.============================ POST REQUEST ==========================.
[2020/04/11 06:24:33] Postback payload: Array
(
    [code] => writePermission
    [handler] => onCheckRequirement
)

[2020/04/11 06:24:33] System check: writePermission
[2020/04/11 06:24:33] Requirement writePermission +OK
[2020/04/11 06:24:33] Execute handler (onCheckRequirement): Array
(
    [result] => 1
)

.============================ POST REQUEST ==========================.
[2020/04/11 06:24:34] Postback payload: Array
(
    [code] => pdoLibrary
    [handler] => onCheckRequirement
)

[2020/04/11 06:24:34] System check: pdoLibrary
[2020/04/11 06:24:34] Requirement pdoLibrary +OK
[2020/04/11 06:24:34] Execute handler (onCheckRequirement): Array
(
    [result] => 1
)

.============================ POST REQUEST ==========================.
[2020/04/11 06:24:34] Postback payload: Array
(
    [code] => mbstringLibrary
    [handler] => onCheckRequirement
)

[2020/04/11 06:24:34] System check: mbstringLibrary
[2020/04/11 06:24:34] Requirement mbstringLibrary +OK
[2020/04/11 06:24:34] Execute handler (onCheckRequirement): Array
(
    [result] => 1
)

.============================ POST REQUEST ==========================.
[2020/04/11 06:24:35] Postback payload: Array
(
    [code] => fileinfoLibrary
    [handler] => onCheckRequirement
)

[2020/04/11 06:24:35] System check: fileinfoLibrary
[2020/04/11 06:24:35] Requirement fileinfoLibrary +OK
[2020/04/11 06:24:35] Execute handler (onCheckRequirement): Array
(
    [result] => 1
)

.============================ POST REQUEST ==========================.
[2020/04/11 06:24:35] Postback payload: Array
(
    [code] => sslLibrary
    [handler] => onCheckRequirement
)

[2020/04/11 06:24:35] System check: sslLibrary
[2020/04/11 06:24:35] Requirement sslLibrary +OK
[2020/04/11 06:24:35] Execute handler (onCheckRequirement): Array
(
    [result] => 1
)

.============================ POST REQUEST ==========================.
[2020/04/11 06:24:36] Postback payload: Array
(
    [code] => zipLibrary
    [handler] => onCheckRequirement
)

[2020/04/11 06:24:36] System check: zipLibrary
[2020/04/11 06:24:36] Requirement zipLibrary +OK
[2020/04/11 06:24:36] Execute handler (onCheckRequirement): Array
(
    [result] => 1
)

.============================ POST REQUEST ==========================.
[2020/04/11 06:24:37] Postback payload: Array
(
    [code] => gdLibrary
    [handler] => onCheckRequirement
)

[2020/04/11 06:24:37] System check: gdLibrary
[2020/04/11 06:24:37] Requirement gdLibrary +OK
[2020/04/11 06:24:37] Execute handler (onCheckRequirement): Array
(
    [result] => 1
)

.============================ POST REQUEST ==========================.
[2020/04/11 06:26:03] Postback payload: Array
(
    [db_type] => mysql
    [db_host] => localhost
    [db_port] => 
    [db_name] => school
    [db_user] => root
    [db_pass] => *******
    [admin_first_name] => Admin
    [admin_last_name] => Person
    [admin_email] => *******@*****.com
    [admin_login] => admin
    [admin_password] => *******
    [admin_confirm_password] => *******
    [backend_uri] => /backend
    [encryption_code] => *******
    [file_mask] => 644
    [folder_mask] => 755
    [handler] => onValidateDatabase
)

.============================ POST REQUEST ==========================.
[2020/04/11 06:26:03] Postback payload: Array
(
    [db_type] => mysql
    [db_host] => localhost
    [db_port] => 
    [db_name] => school
    [db_user] => root
    [db_pass] => *******
    [admin_first_name] => Admin
    [admin_last_name] => Person
    [admin_email] => *******@*****.com
    [admin_login] => admin
    [admin_password] => *******
    [admin_confirm_password] => *******
    [backend_uri] => /backend
    [encryption_code] => *******
    [file_mask] => 644
    [folder_mask] => 755
    [handler] => onValidateAdminAccount
)

.============================ POST REQUEST ==========================.
[2020/04/11 06:26:03] Postback payload: Array
(
    [db_type] => mysql
    [db_host] => localhost
    [db_port] => 
    [db_name] => school
    [db_user] => root
    [db_pass] => *******
    [admin_first_name] => Admin
    [admin_last_name] => Person
    [admin_email] => *******@*****.com
    [admin_login] => admin
    [admin_password] => *******
    [admin_confirm_password] => *******
    [backend_uri] => /backend
    [encryption_code] => *******
    [file_mask] => 644
    [folder_mask] => 755
    [handler] => onValidateAdvancedConfig
)

.============================ POST REQUEST ==========================.
.============================ POST REQUEST ==========================.
[2020/04/11 06:26:08] Postback payload: Array
(
    [handler] => onGetPopularPlugins
)

[2020/04/11 06:26:08] Postback payload: Array
(
    [handler] => onGetPopularThemes
)

[2020/04/11 06:26:09] Server request: theme/popular
[2020/04/11 06:26:09] Server request: plugin/popular
[2020/04/11 06:26:09] Request information: Array
(
    [url] => http://gateway.octobercms.com/api/plugin/popular
    [content_type] => application/json
    [http_code] => 200
    [header_size] => 705
    [request_size] => 185
    [filetime] => -1
    [ssl_verify_result] => 0
    [redirect_count] => 0
    [total_time] => 1.25
    [namelookup_time] => 0.125
    [connect_time] => 0.438
    [pretransfer_time] => 0.438
    [size_upload] => 36
    [size_download] => 3782
    [speed_download] => 3025
    [speed_upload] => 28
    [download_content_length] => -1
    [upload_content_length] => 36
    [starttransfer_time] => 1.25
    [redirect_time] => 0
    [redirect_url] => 
    [primary_ip] => 54.214.90.182
    [certinfo] => Array
        (
        )

    [primary_port] => 80
    [local_ip] => 192.168.1.67
    [local_port] => 55688
)

[2020/04/11 06:26:09] Request information: Array
(
    [url] => http://gateway.octobercms.com/api/theme/popular
    [content_type] => application/json
    [http_code] => 200
    [header_size] => 705
    [request_size] => 184
    [filetime] => -1
    [ssl_verify_result] => 0
    [redirect_count] => 0
    [total_time] => 1.235
    [namelookup_time] => 0.125
    [connect_time] => 0.422
    [pretransfer_time] => 0.438
    [size_upload] => 36
    [size_download] => 4026
    [speed_download] => 3259
    [speed_upload] => 29
    [download_content_length] => -1
    [upload_content_length] => 36
    [starttransfer_time] => 1.235
    [redirect_time] => 0
    [redirect_url] => 
    [primary_ip] => 54.214.90.182
    [certinfo] => Array
        (
        )

    [primary_port] => 80
    [local_ip] => 192.168.1.67
    [local_port] => 55687
)

[2020/04/11 06:26:09] Execute handler (onGetPopularPlugins): Array
(
    [0] => Array
        (
            [name] => Pyrolancer
            [description] => A freelance marketplace for online and remote workers.
            [code] => Responsiv.Pyrolancer
            [updated_at] => 2020-04-11 07:56:04
            [image] => //gateway.octobercms.com/storage/app/uploads/public/5c7/b4e/2f1/thumb_12632_64_64_0_0_auto.png
            [author] => Responsiv Internet
            [hash] => 05e1ea4997cf0719e84894d8fac88f87
            [demo_url] => 
            [product_url] => http://gateway.octobercms.com/plugin/responsiv-pyrolancer
        )

    [1] => Array
        (
            [name] => Redirect
            [description] => Manage all your HTTP redirects with an easy to use GUI. This is an essential SEO plugin.
            [code] => Vdlp.Redirect
            [updated_at] => 2020-04-11 16:25:10
            [image] => //gateway.octobercms.com/storage/app/uploads/public/5b8/939/20c/thumb_10727_64_64_0_0_auto.png
            [author] => Van der Let & Partners
            [hash] => 586338e0c7c8b75c0be952f19638aacd
            [demo_url] => 
            [product_url] => http://gateway.octobercms.com/plugin/vdlp-redirect
        )

    [2] => Array
        (
            [name] => Shopaholic
            [description] => #1 e-commerce plugin for October CMS
            [code] => Lovata.Shopaholic
            [updated_at] => 2020-04-11 13:36:08
            [image] => //gateway.octobercms.com/storage/app/uploads/public/5e1/5fb/191/thumb_16147_64_64_0_0_auto.png
            [author] => LOVATA
            [hash] => 68dfcdd35f884ef6afb71a28b0d62504
            [demo_url] => https://demo.shopaholic.dev
            [product_url] => http://gateway.octobercms.com/plugin/lovata-shopaholic
        )

    [3] => Array
        (
            [name] => Notify
            [description] => Notification engine and services
            [code] => RainLab.Notify
            [updated_at] => 2020-04-11 16:20:36
            [image] => //gateway.octobercms.com/storage/app/uploads/public/59b/741/b78/thumb_8010_64_64_0_0_auto.png
            [author] => RainLab
            [hash] => 28ec4d36e3ef6bc145d37ceca61edc8a
            [demo_url] => 
            [product_url] => http://gateway.octobercms.com/plugin/rainlab-notify
        )

    [4] => Array
        (
            [name] => Builder
            [description] => Create a fully functional plugin scaffold in a matter of minutes
            [code] => RainLab.Builder
            [updated_at] => 2020-04-11 16:24:32
            [image] => //gateway.octobercms.com/storage/app/uploads/public/56b/aca/9eb/thumb_3841_64_64_0_0_auto.png
            [author] => RainLab
            [hash] => 0faa1f840f98f1136a48b29f17ac5cfd
            [demo_url] => 
            [product_url] => http://gateway.octobercms.com/plugin/rainlab-builder
        )

    [5] => Array
        (
            [name] => Location
            [description] => Adds location based features, such as Country and State.
            [code] => RainLab.Location
            [updated_at] => 2020-04-11 15:58:54
            [image] => //gateway.octobercms.com/storage/app/uploads/public/560/62a/c6d/thumb_2994_64_64_0_0_auto.png
            [author] => RainLab
            [hash] => 56ff785453853d0199471f2c89cd7363
            [demo_url] => 
            [product_url] => http://gateway.octobercms.com/plugin/rainlab-location
        )

    [6] => Array
        (
            [name] => Sitemap
            [description] => Generate a sitemap.xml file for your website.
            [code] => RainLab.Sitemap
            [updated_at] => 2020-04-11 16:24:43
            [image] => //gateway.octobercms.com/storage/app/uploads/public/546/c40/98b/thumb_959_64_64_0_0_auto.png
            [author] => RainLab
            [hash] => 161b58171c132b87c94dd82da17a73e0
            [demo_url] => 
            [product_url] => http://gateway.octobercms.com/plugin/rainlab-sitemap
        )

    [7] => Array
        (
            [name] => Twitter
            [description] => This plugin adds a Twitter features to your page.
            [code] => RainLab.Twitter
            [updated_at] => 2020-04-11 16:20:36
            [image] => //gateway.octobercms.com/storage/app/uploads/public/537/288/83c/thumb_26_64_64_0_0_auto.png
            [author] => RainLab
            [hash] => dc5827e307b3d4996229ef78a1cd3658
            [demo_url] => 
            [product_url] => http://gateway.octobercms.com/plugin/rainlab-twitterfeed
        )

    [8] => Array
        (
            [name] => MailChimp
            [description] => Provides MailChimp integration services.
            [code] => RainLab.MailChimp
            [updated_at] => 2020-04-11 16:20:36
            [image] => //gateway.octobercms.com/storage/app/uploads/public/537/210/7f3/thumb_22_64_64_0_0_auto.png
            [author] => RainLab
            [hash] => 2214de3559bc33797582e423abfb0689
            [demo_url] => 
            [product_url] => http://gateway.octobercms.com/plugin/rainlab-mailchimp
        )

)

140_0_0_crop.png
            [author] => Responsiv Internet
            [hash] => 3b3994c2c50d1b0f49a0725d764c12e8
            [demo_url] => 
            [product_url] => http://gateway.octobercms.com/theme/responsiv-flat
        )

)

.============================ POST REQUEST ==========================.
[2020/04/11 06:26:27] Postback payload: Array
(
    [project_id] => *******
    [handler] => onProjectDetails
)

[2020/04/11 06:26:28] Server request: project/detail
[2020/04/11 06:26:28] Request information: Array
(
    [url] => http://gateway.octobercms.com/api/project/detail
    [content_type] => text/html; charset=UTF-8
    [http_code] => 500
    [header_size] => 732
    [request_size] => 195
    [filetime] => -1
    [ssl_verify_result] => 0
    [redirect_count] => 0
    [total_time] => 0.921
    [namelookup_time] => 1.0E-6
    [connect_time] => 0.296
    [pretransfer_time] => 0.296
    [size_upload] => 46
    [size_download] => 18
    [speed_download] => 19
    [speed_upload] => 49
    [download_content_length] => -1
    [upload_content_length] => 46
    [starttransfer_time] => 0.921
    [redirect_time] => 0
    [redirect_url] => 
    [primary_ip] => 54.214.90.182
    [certinfo] => Array
        (
        )

    [primary_port] => 80
    [local_ip] => 192.168.1.67
    [local_port] => 55691
)

[2020/04/11 06:26:28] Handler error (onProjectDetails): Server responded with error: Invalid project ID
[2020/04/11 06:26:28] Trace log:
#0 C:\xampp\htdocs\school\install_files\php\Installer.php(277): Installer->requestServerData('project/detail', Array)
#1 C:\xampp\htdocs\school\install_files\php\Installer.php(48): Installer->onProjectDetails()
#2 C:\xampp\htdocs\school\install_files\php\boot.php(91): Installer->__construct()
#3 C:\xampp\htdocs\school\install.php(1): include('C:\\xampp\\htdocs...')
#4 {main}
.============================ POST REQUEST ==========================.
[2020/04/11 06:27:14] Postback payload: Array
(
    [project_id] => *******
    [handler] => onProjectDetails
)

[2020/04/11 06:27:15] Server request: project/detail
[2020/04/11 06:27:15] Request information: Array
(
    [url] => http://gateway.octobercms.com/api/project/detail
    [content_type] => application/json
    [http_code] => 200
    [header_size] => 688
    [request_size] => 251
    [filetime] => -1
    [ssl_verify_result] => 0
    [redirect_count] => 0
    [total_time] => 1.562
    [namelookup_time] => 0.125
    [connect_time] => 0.406
    [pretransfer_time] => 0.406
    [size_upload] => 101
    [size_download] => 497
    [speed_download] => 318
    [speed_upload] => 64
    [download_content_length] => -1
    [upload_content_length] => 101
    [starttransfer_time] => 1.562
    [redirect_time] => 0
    [redirect_url] => 
    [primary_ip] => 54.214.90.182
    [certinfo] => Array
        (
        )

    [primary_port] => 80
    [local_ip] => 192.168.1.67
    [local_port] => 55711
)

[2020/04/11 06:27:15] Execute handler (onProjectDetails): Array
(
    [name] => School
    [description] => website for school
    [owner] => Shiwangi Shrestha
    [plugins] => Array
        (
        )

    [themes] => Array
        (
            [0] => Array
                (
                    [name] => Flat UI
                    [description] => A theme that uses a Flat user-interface and has no dependencies on others plugins.
                    [code] => Responsiv.Flat
                    [updated_at] => 2020-04-11 16:20:36
                    [image] => http://gateway.octobercms.com/storage/app/uploads/public/53d/084/fbc/thumb_543_210_140_0_0_auto.png
                    [author] => October
                    [hash] => 3b3994c2c50d1b0f49a0725d764c12e8
                    [demo_url] => 
                    [product_url] => 
                )

        )

)

.============================ POST REQUEST ==========================.
.============================ POST REQUEST ==========================.
[2020/04/11 06:27:16] Postback payload: Array
(
    [handler] => 
)

.============================ POST REQUEST ==========================.
[2020/04/11 06:27:21] Postback payload: Array
(
    [step] => getMetaData
    [meta] => 
    [themes] => Array
        (
            [0] => Array
                (
                    [name] => Flat UI
                    [description] => A theme that uses a Flat user-interface and has no dependencies on others plugins.
                    [code] => Responsiv.Flat
                    [updated_at] => 2020-04-11 16:20:36
                    [image] => http://gateway.octobercms.com/storage/app/uploads/public/53d/084/fbc/thumb_543_210_140_0_0_auto.png
                    [author] => October
                    [hash] => 3b3994c2c50d1b0f49a0725d764c12e8
                    [demo_url] => 
                    [product_url] => 
                )

        )

    [project_id] => *******
    [handler] => onInstallStep
)

[2020/04/11 06:27:21] Install step: getMetaData
[2020/04/11 06:27:22] Server request: core/install
[2020/04/11 06:27:22] Request information: Array
(
    [url] => http://gateway.octobercms.com/api/core/install
    [content_type] => application/json
    [http_code] => 200
    [header_size] => 688
    [request_size] => 283
    [filetime] => -1
    [ssl_verify_result] => 0
    [redirect_count] => 0
    [total_time] => 1.375
    [namelookup_time] => 0.016
    [connect_time] => 0.312
    [pretransfer_time] => 0.312
    [size_upload] => 135
    [size_download] => 183
    [speed_download] => 133
    [speed_upload] => 98
    [download_content_length] => -1
    [upload_content_length] => 135
    [starttransfer_time] => 1.375
    [redirect_time] => 0
    [redirect_url] => 
    [primary_ip] => 54.214.90.182
    [certinfo] => Array
        (
        )

    [primary_port] => 80
    [local_ip] => 192.168.1.67
    [local_port] => 55715
)

[2020/04/11 06:27:22] Step getMetaData +OK
[2020/04/11 06:27:22] Execute handler (onInstallStep): Array
(
    [result] => Array
        (
            [core] => Array
                (
                    [hash] => 93c923f8dc1f83da345a11f087c3c352
                    [build] => 465
                    [uhash] => a8da883ce43bd326c082338dec1e006b
                )

            [plugins] => Array
                (
                )

            [themes] => Array
                (
                    [Responsiv.Flat] => 3b3994c2c50d1b0f49a0725d764c12e8
                )

        )

)

.============================ POST REQUEST ==========================.
[2020/04/11 06:27:22] Postback payload: Array
(
    [step] => downloadCore
    [meta] => Array
        (
            [core] => Array
                (
                    [hash] => 93c923f8dc1f83da345a11f087c3c352
                    [build] => 465
                    [uhash] => a8da883ce43bd326c082338dec1e006b
                )

            [themes] => Array
                (
                    [Responsiv.Flat] => 3b3994c2c50d1b0f49a0725d764c12e8
                )

        )

    [handler] => onInstallStep
)

[2020/04/11 06:27:22] Install step: downloadCore
[2020/04/11 06:27:47] Saving to file (core): C:/xampp/htdocs/school/install_files/temp/a74ad8dfacd4f985eb3977517615ce25.arc
[2020/04/11 06:27:47] Step downloadCore +OK
[2020/04/11 06:27:47] Execute handler (onInstallStep): Array
(
    [result] => 
)

.============================ POST REQUEST ==========================.
[2020/04/11 06:27:47] Postback payload: Array
(
    [step] => downloadTheme
    [meta] => Array
        (
            [core] => Array
                (
                    [hash] => 93c923f8dc1f83da345a11f087c3c352
                    [build] => 465
                    [uhash] => a8da883ce43bd326c082338dec1e006b
                )

            [themes] => Array
                (
                    [Responsiv.Flat] => 3b3994c2c50d1b0f49a0725d764c12e8
                )

        )

    [name] => Responsiv.Flat
    [project_id] => *******
    [handler] => onInstallStep
)

[2020/04/11 06:27:47] Install step: downloadTheme
[2020/04/11 06:27:54] Saving to file (Responsiv.Flat-theme): C:/xampp/htdocs/school/install_files/temp/286bd374e2836d585587f7959bd6c9a1.arc
[2020/04/11 06:27:54] Step downloadTheme +OK
[2020/04/11 06:27:54] Execute handler (onInstallStep): Array
(
    [result] => 
)

.============================ POST REQUEST ==========================.
[2020/04/11 06:27:55] Postback payload: Array
(
    [step] => extractCore
    [meta] => Array
        (
            [core] => Array
                (
                    [hash] => 93c923f8dc1f83da345a11f087c3c352
                    [build] => 465
                    [uhash] => a8da883ce43bd326c082338dec1e006b
                )

            [themes] => Array
                (
                    [Responsiv.Flat] => 3b3994c2c50d1b0f49a0725d764c12e8
                )

        )

    [handler] => onInstallStep
)

[2020/04/11 06:27:55] Install step: extractCore
[2020/04/11 06:27:55] Extracting file (core): a74ad8dfacd4f985eb3977517615ce25.arc
[2020/04/11 06:29:56] Step extractCore +OK
[2020/04/11 06:29:56] Execute handler (onInstallStep): Array
(
    [result] => 1
)

.============================ POST REQUEST ==========================.
[2020/04/11 06:29:57] Postback payload: Array
(
    [step] => extractTheme
    [meta] => Array
        (
            [core] => Array
                (
                    [hash] => 93c923f8dc1f83da345a11f087c3c352
                    [build] => 465
                    [uhash] => a8da883ce43bd326c082338dec1e006b
                )

            [themes] => Array
                (
                    [Responsiv.Flat] => 3b3994c2c50d1b0f49a0725d764c12e8
                )

        )

    [name] => Responsiv.Flat
    [project_id] => *******
    [handler] => onInstallStep
)

[2020/04/11 06:29:57] Install step: extractTheme
[2020/04/11 06:29:57] Extracting file (Responsiv.Flat-theme): 286bd374e2836d585587f7959bd6c9a1.arc
[2020/04/11 06:30:01] Step extractTheme +OK
[2020/04/11 06:30:01] Execute handler (onInstallStep): Array
(
    [result] => 1
)

.============================ POST REQUEST ==========================.
[2020/04/11 06:30:01] Postback payload: Array
(
    [step] => setupConfig
    [meta] => Array
        (
            [core] => Array
                (
                    [hash] => 93c923f8dc1f83da345a11f087c3c352
                    [build] => 465
                    [uhash] => a8da883ce43bd326c082338dec1e006b
                )

            [themes] => Array
                (
                    [Responsiv.Flat] => 3b3994c2c50d1b0f49a0725d764c12e8
                )

        )

    [db_type] => mysql
    [db_host] => localhost
    [db_port] => 
    [db_name] => school
    [db_user] => root
    [db_pass] => *******
    [admin_first_name] => Admin
    [admin_last_name] => Person
    [admin_email] => *******@*****.com
    [admin_login] => admin
    [admin_password] => *******
    [admin_confirm_password] => *******
    [backend_uri] => /backend
    [encryption_code] => *******
    [file_mask] => 644
    [folder_mask] => 755
    [handler] => onInstallStep
)

[2020/04/11 06:30:01] Install step: setupConfig
[2020/04/11 04:30:02] Step setupConfig +OK
[2020/04/11 04:30:02] Execute handler (onInstallStep): Array
(
    [result] => 
)

.============================ POST REQUEST ==========================.
[2020/04/11 06:30:02] Postback payload: Array
(
    [step] => createAdmin
    [meta] => Array
        (
            [core] => Array
                (
                    [hash] => 93c923f8dc1f83da345a11f087c3c352
                    [build] => 465
                    [uhash] => a8da883ce43bd326c082338dec1e006b
                )

            [themes] => Array
                (
                    [Responsiv.Flat] => 3b3994c2c50d1b0f49a0725d764c12e8
                )

        )

    [db_type] => mysql
    [db_host] => localhost
    [db_port] => 
    [db_name] => school
    [db_user] => root
    [db_pass] => *******
    [admin_first_name] => Admin
    [admin_last_name] => Person
    [admin_email] => *******@*****.com
    [admin_login] => admin
    [admin_password] => *******
    [admin_confirm_password] => *******
    [backend_uri] => /backend
    [encryption_code] => *******
    [file_mask] => 644
    [folder_mask] => 755
    [handler] => onInstallStep
)

[2020/04/11 06:30:02] Install step: createAdmin
[2020/04/11 04:30:30] Step createAdmin +OK
[2020/04/11 04:30:31] Execute handler (onInstallStep): Array
(
    [result] => 
)

.============================ POST REQUEST ==========================.
[2020/04/11 06:30:31] Postback payload: Array
(
    [disableLog] => 1
)

[2020/04/11 06:30:31] Install step: setupProject
[2020/04/11 04:30:32] Step setupProject +OK
[2020/04/11 04:30:32] Execute handler (onInstallStep): Array
(
    [result] => 
)

.============================ POST REQUEST ==========================.
[2020/04/11 06:30:32] Postback payload: Array
(
    [step] => finishInstall
    [meta] => Array
        (
            [core] => Array
                (
                    [hash] => 93c923f8dc1f83da345a11f087c3c352
                    [build] => 465
                    [uhash] => a8da883ce43bd326c082338dec1e006b
                )

            [themes] => Array
                (
                    [Responsiv.Flat] => 3b3994c2c50d1b0f49a0725d764c12e8
                )

        )

    [hash] => 93c923f8dc1f83da345a11f087c3c352
    [build] => 465
    [uhash] => a8da883ce43bd326c082338dec1e006b
    [handler] => onInstallStep
)

[2020/04/11 06:30:32] Install step: finishInstall
[2020/04/11 04:30:33] Cleaning up file: 286bd374e2836d585587f7959bd6c9a1.arc
[2020/04/11 04:30:33] Cleaning up file: a74ad8dfacd4f985eb3977517615ce25.arc
[2020/04/11 04:30:33] Step finishInstall +OK
[2020/04/11 04:30:33] Execute handler (onInstallStep): Array
(
    [result] => 
)

